<?xml version="1.0" encoding="UTF-8"?>
<!-- Generated by org.testng.reporters.JUnitReportReporter -->
<testsuite hostname="DESKTOP-014NO5S" failures="0" tests="1" name="tests.CarFullFlow" time="36.649" errors="0" timestamp="2025-06-02T08:28:16 IST" skipped="0">
  <testcase classname="tests.CarFullFlow" name="carHomeTest" time="36.649"/>
</testsuite> <!-- tests.CarFullFlow -->
