<?xml version="1.0" encoding="UTF-8"?>
<!-- Generated by org.testng.reporters.JUnitReportReporter -->
<testsuite hostname="DESKTOP-014NO5S" failures="0" tests="1" name="tests.LoginTest" time="5.814" errors="0" timestamp="2025-05-29T22:12:19 IST" skipped="0">
  <testcase classname="tests.LoginTest" name="invalidRegNum" time="5.814"/>
</testsuite> <!-- tests.LoginTest -->
