<?xml version="1.0" encoding="UTF-8"?>
<!-- Generated by org.testng.reporters.JUnitReportReporter -->
<testsuite hostname="DESKTOP-014NO5S" failures="0" tests="1" name="tests.CarInsuanceThroughHomePage" time="18.270" errors="0" timestamp="2025-06-01T11:49:17 IST" skipped="0">
  <testcase classname="tests.CarInsuanceThroughHomePage" name="carHomeTest" time="18.270"/>
</testsuite> <!-- tests.CarInsuanceThroughHomePage -->
