<?xml version="1.0" encoding="UTF-8"?>
<!-- Generated by org.testng.reporters.JUnitReportReporter -->
<testsuite hostname="DIGITAL-0137" failures="0" tests="1" name="tests.CarInsuanceThroughHomePage" time="74.605" errors="0" timestamp="2025-06-04T12:35:06 IST" skipped="0">
  <testcase classname="tests.CarInsuanceThroughHomePage" name="carHomeTest" time="74.605"/>
  <system-out/>
</testsuite> <!-- tests.CarInsuanceThroughHomePage -->
